<?xml version="1.0" encoding="UTF-8"?>
<!-- Generated by org.testng.reporters.JUnitXMLReporter -->
<testsuite hostname="LAPTOP-SLPQU167" ignored="2" name="Test" tests="1" failures="0" timestamp="2020-06-23T01:39:55 IST" time="96.707" errors="0">
  <testcase name="Validate_TC001" time="31.206" classname="POM_Demo.POM_Devlabs.SeleniumTest_POM"/>
  <testcase name="Validate_TC003" time="0.0" classname="POM_Demo.POM_Devlabs.SeleniumTest_POM">
    <ignored/>
  </testcase> <!-- Validate_TC003 -->
  <testcase name="Validate_TC002" time="0.0" classname="POM_Demo.POM_Devlabs.SeleniumTest_POM">
    <ignored/>
  </testcase> <!-- Validate_TC002 -->
</testsuite> <!-- Test -->
