<?xml version="1.0" encoding="UTF-8"?>
<!-- Generated by org.testng.reporters.JUnitXMLReporter -->
<testsuite hostname="LAPTOP-SLPQU167" ignored="0" name="Test_SNOW" tests="3" failures="0" timestamp="2020-06-29T23:52:19 IST" time="324.344" errors="0">
  <testcase name="Validate_TC001" time="36.627" classname="POM_Demo.POM_Devlabs.SeleniumTest_POM"/>
  <testcase name="Validate_TC002" time="39.918" classname="POM_Demo.POM_Devlabs.SeleniumTest_POM"/>
  <testcase name="Validate_TC003" time="122.454" classname="POM_Demo.POM_Devlabs.SeleniumTest_POM"/>
</testsuite> <!-- Test_SNOW -->
