<?xml version="1.0" encoding="UTF-8"?>
<testng-results skipped="0" failed="0" ignored="0" total="4" passed="4">
  <reporter-output>
  </reporter-output>
  <suite name="Default suite" duration-ms="315711" started-at="2020-07-03T15:09:19 IST" finished-at="2020-07-03T15:14:34 IST">
    <groups>
      <group name="cucumber">
        <method signature="AbstractTestNGCucumberTests.runScenario(cucumber.api.testng.PickleEventWrapper, cucumber.api.testng.CucumberFeatureWrapper)[pri:0, instance:CucumberOptions.TestRunner@1786dec2]" name="runScenario" class="cucumber.api.testng.AbstractTestNGCucumberTests"/>
      </group> <!-- cucumber -->
    </groups>
    <test name="Default test" duration-ms="315711" started-at="2020-07-03T15:09:19 IST" finished-at="2020-07-03T15:14:34 IST">
      <class name="CucumberOptions.TestRunner">
        <test-method status="PASS" signature="setUpClass()[pri:0, instance:CucumberOptions.TestRunner@1786dec2]" name="setUpClass" is-config="true" duration-ms="182" started-at="2020-07-03T15:09:19 IST" finished-at="2020-07-03T15:09:19 IST">
          <reporter-output>
          </reporter-output>
        </test-method> <!-- setUpClass -->
        <test-method status="PASS" signature="runScenario(cucumber.api.testng.PickleEventWrapper, cucumber.api.testng.CucumberFeatureWrapper)[pri:0, instance:CucumberOptions.TestRunner@1786dec2]" name="runScenario" duration-ms="125281" started-at="2020-07-03T15:09:19 IST" description="Runs Cucumber Scenarios" data-provider="scenarios" finished-at="2020-07-03T15:11:24 IST">
          <params>
            <param index="0">
              <value>
                <![CDATA["Login to instance and verify Incident ID"]]>
              </value>
            </param>
            <param index="1">
              <value>
                <![CDATA["Verify Incident ID"]]>
              </value>
            </param>
          </params>
          <reporter-output>
          </reporter-output>
        </test-method> <!-- runScenario -->
        <test-method status="PASS" signature="runScenario(cucumber.api.testng.PickleEventWrapper, cucumber.api.testng.CucumberFeatureWrapper)[pri:0, instance:CucumberOptions.TestRunner@1786dec2]" name="runScenario" duration-ms="59940" started-at="2020-07-03T15:11:24 IST" description="Runs Cucumber Scenarios" data-provider="scenarios" finished-at="2020-07-03T15:12:24 IST">
          <params>
            <param index="0">
              <value>
                <![CDATA["User should log in and search for the required filter-data"]]>
              </value>
            </param>
            <param index="1">
              <value>
                <![CDATA["Validating the various components of the UI"]]>
              </value>
            </param>
          </params>
          <reporter-output>
          </reporter-output>
        </test-method> <!-- runScenario -->
        <test-method status="PASS" signature="runScenario(cucumber.api.testng.PickleEventWrapper, cucumber.api.testng.CucumberFeatureWrapper)[pri:0, instance:CucumberOptions.TestRunner@1786dec2]" name="runScenario" duration-ms="45664" started-at="2020-07-03T15:12:24 IST" description="Runs Cucumber Scenarios" data-provider="scenarios" finished-at="2020-07-03T15:13:10 IST">
          <params>
            <param index="0">
              <value>
                <![CDATA["User should log in and verify the incident ID"]]>
              </value>
            </param>
            <param index="1">
              <value>
                <![CDATA["Creating and Updating Incident"]]>
              </value>
            </param>
          </params>
          <reporter-output>
          </reporter-output>
        </test-method> <!-- runScenario -->
        <test-method status="PASS" signature="runScenario(cucumber.api.testng.PickleEventWrapper, cucumber.api.testng.CucumberFeatureWrapper)[pri:0, instance:CucumberOptions.TestRunner@1786dec2]" name="runScenario" duration-ms="84204" started-at="2020-07-03T15:13:10 IST" description="Runs Cucumber Scenarios" data-provider="scenarios" finished-at="2020-07-03T15:14:34 IST">
          <params>
            <param index="0">
              <value>
                <![CDATA["Create an incident providing the necessary details and check if its getting updated successfully"]]>
              </value>
            </param>
            <param index="1">
              <value>
                <![CDATA["Creating and Updating Incident"]]>
              </value>
            </param>
          </params>
          <reporter-output>
          </reporter-output>
        </test-method> <!-- runScenario -->
        <test-method status="PASS" signature="tearDownClass()[pri:0, instance:CucumberOptions.TestRunner@1786dec2]" name="tearDownClass" is-config="true" duration-ms="72" started-at="2020-07-03T15:14:34 IST" finished-at="2020-07-03T15:14:34 IST">
          <reporter-output>
          </reporter-output>
        </test-method> <!-- tearDownClass -->
      </class> <!-- CucumberOptions.TestRunner -->
    </test> <!-- Default test -->
  </suite> <!-- Default suite -->
</testng-results>
