<?xml version="1.0" encoding="UTF-8"?>
<testng-results skipped="0" failed="0" ignored="0" total="4" passed="4">
  <reporter-output>
  </reporter-output>
  <suite name="Default suite" duration-ms="218730" started-at="2020-08-02T12:46:44 IST" finished-at="2020-08-02T12:50:23 IST">
    <groups>
      <group name="cucumber">
        <method signature="AbstractTestNGCucumberTests.runScenario(cucumber.api.testng.PickleEventWrapper, cucumber.api.testng.CucumberFeatureWrapper)[pri:0, instance:CucumberOptions.TestRunner@1786dec2]" name="runScenario" class="cucumber.api.testng.AbstractTestNGCucumberTests"/>
      </group> <!-- cucumber -->
    </groups>
    <test name="Default test" duration-ms="218730" started-at="2020-08-02T12:46:44 IST" finished-at="2020-08-02T12:50:23 IST">
      <class name="CucumberOptions.TestRunner">
        <test-method status="PASS" signature="setUpClass()[pri:0, instance:CucumberOptions.TestRunner@1786dec2]" name="setUpClass" is-config="true" duration-ms="199" started-at="2020-08-02T12:46:44 IST" finished-at="2020-08-02T12:46:44 IST">
          <reporter-output>
          </reporter-output>
        </test-method> <!-- setUpClass -->
        <test-method status="PASS" signature="runScenario(cucumber.api.testng.PickleEventWrapper, cucumber.api.testng.CucumberFeatureWrapper)[pri:0, instance:CucumberOptions.TestRunner@1786dec2]" name="runScenario" duration-ms="52867" started-at="2020-08-02T12:46:44 IST" description="Runs Cucumber Scenarios" data-provider="scenarios" finished-at="2020-08-02T12:47:37 IST">
          <params>
            <param index="0">
              <value>
                <![CDATA["Login to instance and verify Incident ID"]]>
              </value>
            </param>
            <param index="1">
              <value>
                <![CDATA["Verify Incident ID"]]>
              </value>
            </param>
          </params>
          <reporter-output>
          </reporter-output>
        </test-method> <!-- runScenario -->
        <test-method status="PASS" signature="runScenario(cucumber.api.testng.PickleEventWrapper, cucumber.api.testng.CucumberFeatureWrapper)[pri:0, instance:CucumberOptions.TestRunner@1786dec2]" name="runScenario" duration-ms="48903" started-at="2020-08-02T12:47:37 IST" description="Runs Cucumber Scenarios" data-provider="scenarios" finished-at="2020-08-02T12:48:26 IST">
          <params>
            <param index="0">
              <value>
                <![CDATA["User should log in and search for the required filter-data"]]>
              </value>
            </param>
            <param index="1">
              <value>
                <![CDATA["Validating the various components of the UI"]]>
              </value>
            </param>
          </params>
          <reporter-output>
          </reporter-output>
        </test-method> <!-- runScenario -->
        <test-method status="PASS" signature="runScenario(cucumber.api.testng.PickleEventWrapper, cucumber.api.testng.CucumberFeatureWrapper)[pri:0, instance:CucumberOptions.TestRunner@1786dec2]" name="runScenario" duration-ms="39011" started-at="2020-08-02T12:48:26 IST" description="Runs Cucumber Scenarios" data-provider="scenarios" finished-at="2020-08-02T12:49:05 IST">
          <params>
            <param index="0">
              <value>
                <![CDATA["User should log in and verify the incident ID"]]>
              </value>
            </param>
            <param index="1">
              <value>
                <![CDATA["Creating and Updating Incident"]]>
              </value>
            </param>
          </params>
          <reporter-output>
          </reporter-output>
        </test-method> <!-- runScenario -->
        <test-method status="PASS" signature="runScenario(cucumber.api.testng.PickleEventWrapper, cucumber.api.testng.CucumberFeatureWrapper)[pri:0, instance:CucumberOptions.TestRunner@1786dec2]" name="runScenario" duration-ms="77480" started-at="2020-08-02T12:49:05 IST" description="Runs Cucumber Scenarios" data-provider="scenarios" finished-at="2020-08-02T12:50:23 IST">
          <params>
            <param index="0">
              <value>
                <![CDATA["Create an incident providing the necessary details and check if its getting updated successfully"]]>
              </value>
            </param>
            <param index="1">
              <value>
                <![CDATA["Creating and Updating Incident"]]>
              </value>
            </param>
          </params>
          <reporter-output>
          </reporter-output>
        </test-method> <!-- runScenario -->
        <test-method status="PASS" signature="tearDownClass()[pri:0, instance:CucumberOptions.TestRunner@1786dec2]" name="tearDownClass" is-config="true" duration-ms="20" started-at="2020-08-02T12:50:23 IST" finished-at="2020-08-02T12:50:23 IST">
          <reporter-output>
          </reporter-output>
        </test-method> <!-- tearDownClass -->
      </class> <!-- CucumberOptions.TestRunner -->
    </test> <!-- Default test -->
  </suite> <!-- Default suite -->
</testng-results>
